<?xml version="1.0" encoding="UTF-8"?>
<!-- Generated by org.testng.reporters.JUnitReportReporter -->
<testsuite hostname="LAPTOP-M9MJF76J" failures="0" tests="7" name="com.supermarket.tests.ManageDeliveryBoyTest" time="20.535" errors="0" timestamp="2023-01-22T22:12:29 IST" skipped="1">
  <testcase classname="com.supermarket.tests.ManageDeliveryBoyTest" name="manageDeliveryLinkClick" time="3.697"/>
  <system-out/>
  <testcase classname="com.supermarket.tests.ManageDeliveryBoyTest" name="addDeliveryBoy" time="5.596"/>
  <system-out/>
  <testcase classname="com.supermarket.tests.ManageDeliveryBoyTest" name="searchDeliveryBoy" time="0.821"/>
  <system-out/>
  <testcase classname="com.supermarket.tests.ManageDeliveryBoyTest" name="editDeliveryBoy" time="7.344"/>
  <system-out/>
  <testcase classname="com.supermarket.tests.ManageDeliveryBoyTest" name="deleteDeliveryBoy" time="2.512"/>
  <system-out/>
  <testcase classname="com.supermarket.tests.ManageDeliveryBoyTest" name="navigateBackToHome" time="0.565"/>
  <system-out/>
  <testcase classname="com.supermarket.tests.ManageDeliveryBoyTest" name="cancelDetails">
    <skipped/>
  </testcase> <!-- cancelDetails -->
  <system-out/>
</testsuite> <!-- com.supermarket.tests.ManageDeliveryBoyTest -->
