<?xml version="1.0" encoding="UTF-8"?>
<!-- Generated by org.testng.reporters.JUnitReportReporter -->
<testsuite hostname="LAPTOP-M9MJF76J" failures="0" tests="7" name="com.supermarket.tests.ManageOrderTest" time="18.863" errors="0" timestamp="2023-01-16T22:44:58 IST" skipped="1">
  <testcase classname="com.supermarket.tests.ManageOrderTest" name="viewOrder" time="8.149"/>
  <system-out/>
  <testcase classname="com.supermarket.tests.ManageOrderTest" name="updateStatus" time="5.209"/>
  <system-out/>
  <testcase classname="com.supermarket.tests.ManageOrderTest" name="assignDeliveryBoy" time="4.201"/>
  <system-out/>
  <testcase classname="com.supermarket.tests.ManageOrderTest" name="searchOrder" time="0.891"/>
  <system-out/>
  <testcase classname="com.supermarket.tests.ManageOrderTest" name="ScrollUpAndDown" time="0.020"/>
  <system-out/>
  <testcase classname="com.supermarket.tests.ManageOrderTest" name="navigateBackToHome" time="0.393"/>
  <system-out/>
  <testcase classname="com.supermarket.tests.ManageOrderTest" name="deleteOrder">
    <skipped/>
  </testcase> <!-- deleteOrder -->
  <system-out/>
</testsuite> <!-- com.supermarket.tests.ManageOrderTest -->
