<?xml version="1.0" encoding="UTF-8"?>
<!-- Generated by org.testng.reporters.JUnitReportReporter -->
<testsuite hostname="LAPTOP-M9MJF76J" failures="0" tests="3" name="com.supermarket.tests.MobileSliderTest" time="11.332" errors="0" timestamp="2023-01-15T17:52:00 IST" skipped="0">
  <testcase classname="com.supermarket.tests.MobileSliderTest" name="createnewItem" time="8.854"/>
  <system-out/>
  <testcase classname="com.supermarket.tests.MobileSliderTest" name="editItem" time="1.955"/>
  <system-out/>
  <testcase classname="com.supermarket.tests.MobileSliderTest" name="deleteItem" time="0.523"/>
  <system-out/>
</testsuite> <!-- com.supermarket.tests.MobileSliderTest -->
