<?xml version="1.0" encoding="UTF-8"?>
<!-- Generated by org.testng.reporters.JUnitReportReporter -->
<testsuite hostname="LAPTOP-M9MJF76J" failures="0" tests="3" name="Tests.LoginTest" time="8.026" errors="0" timestamp="2022-12-28T07:28:22 IST" skipped="0">
  <testcase classname="Tests.LoginTest" name="loginWithInvalidCredentials" time="0.767"/>
  <system-out/>
  <testcase classname="Tests.LoginTest" name="loginWithInvalidCredentials" time="1.262"/>
  <system-out/>
  <testcase classname="Tests.LoginTest" name="loginwithvalidcredentials" time="5.997"/>
  <system-out/>
</testsuite> <!-- Tests.LoginTest -->
